This is pdfTeX, Version 3.14159265-2.6-1.40.18 (TeX Live 2017) (preloaded format=pdflatex 2017.9.8)  18 DEC 2017 13:47
entering extended mode
 restricted \write18 enabled.
 file:line:error style messages enabled.
 %&-line parsing enabled.
**structuralbioinfo.tex
(./structuralbioinfo.tex
LaTeX2e <2017-04-15>
Babel <3.10> and hyphenation patterns for 84 language(s) loaded.
./structuralbioinfo.tex:1: Undefined control sequence.
<argument> \undefinedpagestyle 
                               
l.1 \pagestyle{IHA-fancy-style}
                               
? 
./structuralbioinfo.tex:1: Emergency stop.
<argument> \undefinedpagestyle 
                               
l.1 \pagestyle{IHA-fancy-style}
                               
End of file on the terminal!

 
Here is how much of TeX's memory you used:
 6 strings out of 492995
 185 string characters out of 4882705
 5054074 words of memory out of 10000000
 3659 multiletter control sequences out of 15000+600000
 3640 words of font info for 14 fonts, out of 5000000 for 9000
 1141 hyphenation exceptions out of 8191
 5i,0n,2p,70b,8s stack positions out of 10000i,500n,10000p,5000000b,80000s
./structuralbioinfo.tex:1:  ==> Fatal error occurred, no output PDF file produc
ed!
