\BOOKMARK [0][-]{Item.2}{List of Figures}{}% 1
\BOOKMARK [0][-]{Item.2}{List of Tables}{}% 2
\BOOKMARK [0][-]{Item.2}{List of Equations}{}% 3
\BOOKMARK [0][-]{Item.2}{Acknowledgements}{}% 4
\BOOKMARK [0][-]{chapter*.1}{Declaration}{}% 5
\BOOKMARK [0][-]{chapter*.3}{Abstract}{}% 6
\BOOKMARK [0][-]{chapter*.4}{Abbreviations}{}% 7
\BOOKMARK [-1][-]{part.1}{I Introduction \046 Methodology}{}% 8
\BOOKMARK [0][-]{chapter.1}{Introduction}{part.1}% 9
\BOOKMARK [1][-]{section.1.1}{Pa}{chapter.1}% 10
\BOOKMARK [2][-]{subsection.1.1.1}{The Pa Genus: the Same but Different}{section.1.1}% 11
\BOOKMARK [2][-]{subsection.1.1.2}{A Biological `Box of Tricks'}{section.1.1}% 12
\BOOKMARK [2][-]{subsection.1.1.3}{The Life Cycle of a Pathogen and Mutualist}{section.1.1}% 13
\BOOKMARK [1][-]{section.1.2}{The Pa Virulence Cassette}{chapter.1}% 14
\BOOKMARK [2][-]{subsection.1.2.1}{Discovery of the PVCs}{section.1.2}% 15
\BOOKMARK [2][-]{subsection.1.2.2}{Pa is a PVC Addict}{section.1.2}% 16
\BOOKMARK [2][-]{subsection.1.2.3}{PVCs as Contractile Nanomachines}{section.1.2}% 17
\BOOKMARK [3][-]{subsubsection.1.2.3.1}{Of PVCs and Phage}{subsection.1.2.3}% 18
\BOOKMARK [3][-]{subsubsection.1.2.3.2}{Of PVCs and R-type Pyocins/Tailocins}{subsection.1.2.3}% 19
\BOOKMARK [3][-]{subsubsection.1.2.3.3}{Of PVCs and the Serratia entomophila ``Antifeeding prophage"}{subsection.1.2.3}% 20
\BOOKMARK [3][-]{subsubsection.1.2.3.4}{Of PVCs and Type VI Secretion Systems}{subsection.1.2.3}% 21
\BOOKMARK [4][-]{paragraph.1.2.3.4.1}{The ``Type x" Secretion System repertoire}{subsubsection.1.2.3.4}% 22
\BOOKMARK [3][-]{subsubsection.1.2.3.5}{Of PVCs and their Extended Family}{subsection.1.2.3}% 23
\BOOKMARK [4][-]{paragraph.1.2.3.5.1}{In Pseudoalteromonas luteoviolacea}{subsubsection.1.2.3.5}% 24
\BOOKMARK [4][-]{paragraph.1.2.3.5.2}{In Amoebophilus asiaticus}{subsubsection.1.2.3.5}% 25
\BOOKMARK [4][-]{paragraph.1.2.3.5.3}{In Cardinium hertegii}{subsubsection.1.2.3.5}% 26
\BOOKMARK [2][-]{subsection.1.2.4}{Mechanism of Action}{section.1.2}% 27
\BOOKMARK [2][-]{subsection.1.2.5}{The status quo of PVC genetics}{section.1.2}% 28
\BOOKMARK [3][-]{subsubsection.1.2.5.1}{The PVC Tail Tube and Sheath}{subsection.1.2.5}% 29
\BOOKMARK [3][-]{subsubsection.1.2.5.2}{The Spike Complex and Baseplate}{subsection.1.2.5}% 30
\BOOKMARK [3][-]{subsubsection.1.2.5.3}{The `Operon Core'}{subsection.1.2.5}% 31
\BOOKMARK [3][-]{subsubsection.1.2.5.4}{The Hyper-variable Payload Region}{subsection.1.2.5}% 32
\BOOKMARK [2][-]{subsection.1.2.6}{PVC Myths}{section.1.2}% 33
\BOOKMARK [1][-]{section.1.3}{Summary and Thesis Aims}{chapter.1}% 34
\BOOKMARK [0][-]{chapter.2}{Materials \046 Methodology}{part.1}% 35
\BOOKMARK [1][-]{section.2.1}{Bacterial Culture Techniques}{chapter.2}% 36
\BOOKMARK [2][-]{subsection.2.1.1}{Strains}{section.2.1}% 37
\BOOKMARK [2][-]{subsection.2.1.2}{Culture Conditions}{section.2.1}% 38
\BOOKMARK [3][-]{subsubsection.2.1.2.1}{Media}{subsection.2.1.2}% 39
\BOOKMARK [4][-]{paragraph.2.1.2.1.1}{LB}{subsubsection.2.1.2.1}% 40
\BOOKMARK [4][-]{paragraph.2.1.2.1.2}{SOC}{subsubsection.2.1.2.1}% 41
\BOOKMARK [3][-]{subsubsection.2.1.2.2}{Antibiotics \046 Media Supplements}{subsection.2.1.2}% 42
\BOOKMARK [1][-]{section.2.2}{Molecular Techniques - Nucleic Acid Methods}{chapter.2}% 43
\BOOKMARK [2][-]{subsection.2.2.1}{Purification of Nucleic Acids}{section.2.2}% 44
\BOOKMARK [3][-]{subsubsection.2.2.1.1}{Genomic DNA}{subsection.2.2.1}% 45
\BOOKMARK [3][-]{subsubsection.2.2.1.2}{Replicon DNA}{subsection.2.2.1}% 46
\BOOKMARK [4][-]{paragraph.2.2.1.2.1}{Plasmids}{subsubsection.2.2.1.2}% 47
\BOOKMARK [2][-]{subsection.2.2.2}{Plasmids and Cosmids}{section.2.2}% 48
\BOOKMARK [2][-]{subsection.2.2.3}{PCR}{section.2.2}% 49
\BOOKMARK [3][-]{subsubsection.2.2.3.1}{Primers}{subsection.2.2.3}% 50
\BOOKMARK [3][-]{subsubsection.2.2.3.2}{Taq \046 Colony PCR}{subsection.2.2.3}% 51
\BOOKMARK [3][-]{subsubsection.2.2.3.3}{Q5}{subsection.2.2.3}% 52
\BOOKMARK [3][-]{subsubsection.2.2.3.4}{Post-PCR Clean-up}{subsection.2.2.3}% 53
\BOOKMARK [3][-]{subsubsection.2.2.3.5}{Quantification}{subsection.2.2.3}% 54
\BOOKMARK [4][-]{paragraph.2.2.3.5.1}{Platereader}{subsubsection.2.2.3.5}% 55
\BOOKMARK [2][-]{subsection.2.2.4}{Agarose Gel Electrophoresis}{section.2.2}% 56
\BOOKMARK [3][-]{subsubsection.2.2.4.1}{Gel Extraction}{subsection.2.2.4}% 57
\BOOKMARK [2][-]{subsection.2.2.5}{Classical Cloning}{section.2.2}% 58
\BOOKMARK [3][-]{subsubsection.2.2.5.1}{Restriction Enzyme Digestions}{subsection.2.2.5}% 59
\BOOKMARK [3][-]{subsubsection.2.2.5.2}{Vector Dephosphorylation}{subsection.2.2.5}% 60
\BOOKMARK [3][-]{subsubsection.2.2.5.3}{Ligation}{subsection.2.2.5}% 61
\BOOKMARK [2][-]{subsection.2.2.6}{Gibson Assembly}{section.2.2}% 62
\BOOKMARK [2][-]{subsection.2.2.7}{Transformation}{section.2.2}% 63
\BOOKMARK [3][-]{subsubsection.2.2.7.1}{Creation of Chemically Competent Cells}{subsection.2.2.7}% 64
\BOOKMARK [3][-]{subsubsection.2.2.7.2}{Heat-shock Transformation of Chemically Competent Cells}{subsection.2.2.7}% 65
\BOOKMARK [3][-]{subsubsection.2.2.7.3}{Electrocompetent Cells}{subsection.2.2.7}% 66
\BOOKMARK [4][-]{paragraph.2.2.7.3.1}{E. coli}{subsubsection.2.2.7.3}% 67
\BOOKMARK [4][-]{paragraph.2.2.7.3.2}{Pa}{subsubsection.2.2.7.3}% 68
\BOOKMARK [2][-]{subsection.2.2.8}{Recombineering}{section.2.2}% 69
\BOOKMARK [3][-]{subsubsection.2.2.8.1}{Preparation of Linear Oligonucleotides}{subsection.2.2.8}% 70
\BOOKMARK [3][-]{subsubsection.2.2.8.2}{Electroporation-Recombination using -Red Bearing Plasmids}{subsection.2.2.8}% 71
\BOOKMARK [3][-]{subsubsection.2.2.8.3}{Electroporation-Recombination with -Red Chromosomal Strains}{subsection.2.2.8}% 72
\BOOKMARK [2][-]{subsection.2.2.9}{Sequencing}{section.2.2}% 73
\BOOKMARK [3][-]{subsubsection.2.2.9.1}{Di-deoxy-chain-termination \(Sanger\) Sequencing}{subsection.2.2.9}% 74
\BOOKMARK [3][-]{subsubsection.2.2.9.2}{Next Generation}{subsection.2.2.9}% 75
\BOOKMARK [1][-]{section.2.3}{Molecular Techniques - Protein Methods}{chapter.2}% 76
\BOOKMARK [2][-]{subsection.2.3.1}{Expression}{section.2.3}% 77
\BOOKMARK [2][-]{subsection.2.3.2}{Harvesting}{section.2.3}% 78
\BOOKMARK [2][-]{subsection.2.3.3}{Lysis}{section.2.3}% 79
\BOOKMARK [2][-]{subsection.2.3.4}{Purification}{section.2.3}% 80
\BOOKMARK [3][-]{subsubsection.2.3.4.1}{Immobilised Metal-ion Affinity Chromatography}{subsection.2.3.4}% 81
\BOOKMARK [3][-]{subsubsection.2.3.4.2}{Gel Filtration}{subsection.2.3.4}% 82
\BOOKMARK [3][-]{subsubsection.2.3.4.3}{Concentration/Dialysis}{subsection.2.3.4}% 83
\BOOKMARK [2][-]{subsection.2.3.5}{Quantification}{section.2.3}% 84
\BOOKMARK [2][-]{subsection.2.3.6}{SDS-PAGE}{section.2.3}% 85
\BOOKMARK [3][-]{subsubsection.2.3.6.1}{Staining}{subsection.2.3.6}% 86
\BOOKMARK [3][-]{subsubsection.2.3.6.2}{Western Blotting}{subsection.2.3.6}% 87
\BOOKMARK [2][-]{subsection.2.3.7}{Crystallography}{section.2.3}% 88
\BOOKMARK [1][-]{section.2.4}{Bio-physical Techniques}{chapter.2}% 89
\BOOKMARK [2][-]{subsection.2.4.1}{Fluorescence Microscopy}{section.2.4}% 90
\BOOKMARK [3][-]{subsubsection.2.4.1.1}{Image Normalisation and Consistency}{subsection.2.4.1}% 91
\BOOKMARK [2][-]{subsection.2.4.2}{Circular Dichroism}{section.2.4}% 92
\BOOKMARK [1][-]{section.2.5}{Bioinformatics Methods}{chapter.2}% 93
\BOOKMARK [2][-]{subsection.2.5.1}{Quality Control}{section.2.5}% 94
\BOOKMARK [2][-]{subsection.2.5.2}{Assembly}{section.2.5}% 95
\BOOKMARK [2][-]{subsection.2.5.3}{Mapping}{section.2.5}% 96
\BOOKMARK [2][-]{subsection.2.5.4}{Annotation}{section.2.5}% 97
\BOOKMARK [2][-]{subsection.2.5.5}{Alignment}{section.2.5}% 98
\BOOKMARK [2][-]{subsection.2.5.6}{Phylogenetics}{section.2.5}% 99
\BOOKMARK [2][-]{subsection.2.5.7}{Congruency}{section.2.5}% 100
\BOOKMARK [2][-]{subsection.2.5.8}{Ortholog Detection}{section.2.5}% 101
\BOOKMARK [2][-]{subsection.2.5.9}{Structure Prediction}{section.2.5}% 102
\BOOKMARK [2][-]{subsection.2.5.10}{Structural Analysis}{section.2.5}% 103
\BOOKMARK [2][-]{subsection.2.5.11}{Repeat Detection}{section.2.5}% 104
\BOOKMARK [2][-]{subsection.2.5.12}{RNA structure analysis}{section.2.5}% 105
\BOOKMARK [2][-]{subsection.2.5.13}{Data Visualisation}{section.2.5}% 106
\BOOKMARK [-1][-]{part.2}{II Computational Results}{}% 107
\BOOKMARK [0][-]{chapter.3}{Structural Bioinformatics of PVC Proteins}{part.2}% 108
\BOOKMARK [1][-]{section.3.1}{Introduction}{chapter.3}% 109
\BOOKMARK [2][-]{subsection.3.1.1}{The Sequence Identity Problem}{section.3.1}% 110
\BOOKMARK [1][-]{section.3.2}{Experimental Procedures}{chapter.3}% 111
\BOOKMARK [2][-]{subsection.3.2.1}{Methods used for Probing the Structures of PVC proteins}{section.3.2}% 112
\BOOKMARK [3][-]{subsubsection.3.2.1.1}{Hidden Markov Model Homology Searching}{subsection.3.2.1}% 113
\BOOKMARK [3][-]{subsubsection.3.2.1.2}{Homology Modelling, Threading and Structural Refinement}{subsection.3.2.1}% 114
\BOOKMARK [2][-]{subsection.3.2.2}{Exploration of the Structure of PVCs by `Functional Unit'}{section.3.2}% 115
\BOOKMARK [3][-]{subsubsection.3.2.2.1}{The PVC Tube}{subsection.3.2.2}% 116
\BOOKMARK [4][-]{paragraph.3.2.2.1.1}{Structural comparisons of multiplied tube proteins}{subsubsection.3.2.2.1}% 117
\BOOKMARK [4][-]{paragraph.3.2.2.1.2}{Electrostatic comparisons amongst tube proteins}{subsubsection.3.2.2.1}% 118
\BOOKMARK [3][-]{subsubsection.3.2.2.2}{The Spike Complex}{subsection.3.2.2}% 119
\BOOKMARK [4][-]{paragraph.3.2.2.2.1}{Enigmatic putative collar/baseplate proteins}{subsubsection.3.2.2.2}% 120
\BOOKMARK [4][-]{paragraph.3.2.2.2.2}{The putative spike complex and PVC baseplate hub is more reminiscent of the T6SS}{subsubsection.3.2.2.2}% 121
\BOOKMARK [4][-]{paragraph.3.2.2.2.3}{A new suggested role for PVC9 in tube initiation}{subsubsection.3.2.2.2}% 122
\BOOKMARK [4][-]{paragraph.3.2.2.2.4}{Identifying subtle hallmarks of potential spike ``PAAR" proteins}{subsubsection.3.2.2.2}% 123
\BOOKMARK [4][-]{paragraph.3.2.2.2.5}{PVC11 as the major baseplate structural component}{subsubsection.3.2.2.2}% 124
\BOOKMARK [3][-]{subsubsection.3.2.2.3}{The Operon Core}{subsection.3.2.2}% 125
\BOOKMARK [4][-]{paragraph.3.2.2.3.1}{PVC12, an enigmatic nucleotide binding protein?}{subsubsection.3.2.2.3}% 126
\BOOKMARK [4][-]{paragraph.3.2.2.3.2}{The putative tail fibres equivalents of PVC operons}{subsubsection.3.2.2.3}% 127
\BOOKMARK [4][-]{paragraph.3.2.2.3.3}{PVC14 as a putative `tape measure' protein}{subsubsection.3.2.2.3}% 128
\BOOKMARK [4][-]{paragraph.3.2.2.3.4}{The conserved, characteristic, ATPase of PVC operons}{subsubsection.3.2.2.3}% 129
\BOOKMARK [4][-]{paragraph.3.2.2.3.5}{PVC16 as a tube terminator or cap protein}{subsubsection.3.2.2.3}% 130
\BOOKMARK [1][-]{section.3.3}{Discussion}{chapter.3}% 131
\BOOKMARK [2][-]{subsection.3.3.1}{Summary and Future Work}{section.3.3}% 132
\BOOKMARK [0][-]{chapter.4}{Comparative Phylogenetics of PVC Operons}{part.2}% 133
\BOOKMARK [1][-]{section.4.1}{Introduction}{chapter.4}% 134
\BOOKMARK [1][-]{section.4.2}{Experimental Procedures}{chapter.4}% 135
\BOOKMARK [2][-]{subsection.4.2.1}{Syntenic Clustering of Orthologs}{section.4.2}% 136
\BOOKMARK [3][-]{subsubsection.4.2.1.1}{Curation of the Anomalous Lumt operon}{subsection.4.2.1}% 137
\BOOKMARK [2][-]{subsection.4.2.2}{Curation of Sequences}{section.4.2}% 138
\BOOKMARK [2][-]{subsection.4.2.3}{Sequence Alignment and Phylogenies}{section.4.2}% 139
\BOOKMARK [3][-]{subsubsection.4.2.3.1}{GC Content and CDS Identity Within Operons}{subsection.4.2.3}% 140
\BOOKMARK [2][-]{subsection.4.2.4}{Gene Trees}{section.4.2}% 141
\BOOKMARK [2][-]{subsection.4.2.5}{Consensus Tree Inference via ASTRAL-II}{section.4.2}% 142
\BOOKMARK [2][-]{subsection.4.2.6}{Congruency Analysis}{section.4.2}% 143
\BOOKMARK [3][-]{subsubsection.4.2.6.1}{Adjusted Wallace Coefficient}{subsection.4.2.6}% 144
\BOOKMARK [3][-]{subsubsection.4.2.6.2}{Normalised Robinson-Foulds}{subsection.4.2.6}% 145
\BOOKMARK [1][-]{section.4.3}{Discussion}{chapter.4}% 146
\BOOKMARK [2][-]{subsection.4.3.1}{Correlation between PVC Structural Proteins and their Payloads}{section.4.3}% 147
\BOOKMARK [2][-]{subsection.4.3.2}{Identifying the PVC `Blueprint' Elsewhere}{section.4.3}% 148
\BOOKMARK [2][-]{subsection.4.3.3}{Summary and Future Work}{section.4.3}% 149
\BOOKMARK [-1][-]{part.3}{III Experimental Results}{}% 150
\BOOKMARK [0][-]{chapter.5}{Structure and Function of PVC Tail Fibre-like Genes}{part.3}% 151
\BOOKMARK [1][-]{section.5.1}{Introduction}{chapter.5}% 152
\BOOKMARK [1][-]{section.5.2}{Experimental Procedures}{chapter.5}% 153
\BOOKMARK [2][-]{subsection.5.2.1}{in silico Profiling of Tail Fibre Sequences}{section.5.2}% 154
\BOOKMARK [3][-]{subsubsection.5.2.1.1}{Domain Structure}{subsection.5.2.1}% 155
\BOOKMARK [3][-]{subsubsection.5.2.1.2}{Sequence Characteristics}{subsection.5.2.1}% 156
\BOOKMARK [3][-]{subsubsection.5.2.1.3}{in silico Cloning}{subsection.5.2.1}% 157
\BOOKMARK [2][-]{subsection.5.2.2}{Experimental Cloning, Expression and Purification}{section.5.2}% 158
\BOOKMARK [3][-]{subsubsection.5.2.2.1}{IMAC Purification and Polishing}{subsection.5.2.2}% 159
\BOOKMARK [2][-]{subsection.5.2.3}{Structural Analyses}{section.5.2}% 160
\BOOKMARK [3][-]{subsubsection.5.2.3.1}{Trimerism of PVC Tail Fibre Proteins}{subsection.5.2.3}% 161
\BOOKMARK [3][-]{subsubsection.5.2.3.2}{Thermal Stability and Secondary Structure Studies via Circular Dichroism}{subsection.5.2.3}% 162
\BOOKMARK [3][-]{subsubsection.5.2.3.3}{Secondary Structure Prediction via Dichroweb}{subsection.5.2.3}% 163
\BOOKMARK [4][-]{paragraph.5.2.3.3.1}{Algorithm and reference set selection}{subsubsection.5.2.3.3}% 164
\BOOKMARK [4][-]{paragraph.5.2.3.3.2}{Secondary structure predictions}{subsubsection.5.2.3.3}% 165
\BOOKMARK [3][-]{subsubsection.5.2.3.4}{Comparisons with Known Structures}{subsection.5.2.3}% 166
\BOOKMARK [3][-]{subsubsection.5.2.3.5}{Crystallography}{subsection.5.2.3}% 167
\BOOKMARK [4][-]{paragraph.5.2.3.5.1}{In-situ partial proteolysis}{subsubsection.5.2.3.5}% 168
\BOOKMARK [2][-]{subsection.5.2.4}{Finding Binding Partners for Tail Fibre Proteins}{section.5.2}% 169
\BOOKMARK [3][-]{subsubsection.5.2.4.1}{Iron Nanoparticle Protein Pulldowns}{subsection.5.2.4}% 170
\BOOKMARK [3][-]{subsubsection.5.2.4.2}{Sugar Binding Studies via Glycan Arrays}{subsection.5.2.4}% 171
\BOOKMARK [1][-]{section.5.3}{Discussion}{chapter.5}% 172
\BOOKMARK [2][-]{subsection.5.3.1}{Cloning, Purification, and Characterisation of PVC Tail Fibres}{section.5.3}% 173
\BOOKMARK [2][-]{subsection.5.3.2}{The Chimeric/split Domain Structure of PVC Tail Fibres}{section.5.3}% 174
\BOOKMARK [2][-]{subsection.5.3.3}{Candidate Binding Targets for PVC Tail Tibres}{section.5.3}% 175
\BOOKMARK [2][-]{subsection.5.3.4}{Summary and Future Work}{section.5.3}% 176
\BOOKMARK [0][-]{chapter.6}{Synthetic \046 Natural PVC Operon Expression}{part.3}% 177
\BOOKMARK [1][-]{section.6.1}{Introduction}{chapter.6}% 178
\BOOKMARK [1][-]{section.6.2}{Experimental procedures}{chapter.6}% 179
\BOOKMARK [2][-]{subsection.6.2.1}{Cloning and engineering PVC operons}{section.6.2}% 180
\BOOKMARK [3][-]{subsubsection.6.2.1.1}{Recombineering}{subsection.6.2.1}% 181
\BOOKMARK [4][-]{paragraph.6.2.1.1.1}{Chromosomal engineering}{subsubsection.6.2.1.1}% 182
\BOOKMARK [4][-]{paragraph.6.2.1.1.2}{Cosmid engineering}{subsubsection.6.2.1.1}% 183
\BOOKMARK [3][-]{subsubsection.6.2.1.2}{Gibson assembly}{subsection.6.2.1}% 184
\BOOKMARK [2][-]{subsection.6.2.2}{Population heterogeneity in PVC activity}{section.6.2}% 185
\BOOKMARK [3][-]{subsubsection.6.2.2.1}{Cellular morphology in reporter assays}{subsection.6.2.2}% 186
\BOOKMARK [4][-]{paragraph.6.2.2.1.1}{Cellular elongation}{subsubsection.6.2.2.1}% 187
\BOOKMARK [4][-]{paragraph.6.2.2.1.2}{Culture integrity}{subsubsection.6.2.2.1}% 188
\BOOKMARK [2][-]{subsection.6.2.3}{A putative role for transcript elongation in PVC regulation}{section.6.2}% 189
\BOOKMARK [3][-]{subsubsection.6.2.3.1}{Controlling RfaH activity}{subsection.6.2.3}% 190
\BOOKMARK [1][-]{section.6.3}{Discussion}{chapter.6}% 191
\BOOKMARK [2][-]{subsection.6.3.1}{Heterologous expression and control of PVC operons}{section.6.3}% 192
\BOOKMARK [2][-]{subsection.6.3.2}{Understanding the natural regulation and deployment of PVCs}{section.6.3}% 193
\BOOKMARK [2][-]{subsection.6.3.3}{Summary and future work}{section.6.3}% 194
\BOOKMARK [3][-]{subsubsection.6.3.3.1}{PVC cloning}{subsection.6.3.3}% 195
\BOOKMARK [3][-]{subsubsection.6.3.3.2}{PVC natural regulation and population dynamics}{subsection.6.3.3}% 196
\BOOKMARK [-1][-]{part.4}{IV Discussion \046 Future Directions}{}% 197
\BOOKMARK [0][-]{chapter.7}{Discussion}{part.4}% 198
\BOOKMARK [1][-]{section.7.1}{Chapter 3: New insights on PVC assembly and structure}{chapter.7}% 199
\BOOKMARK [2][-]{subsection.7.1.1}{A new role for an inner sheath paralogue}{section.7.1}% 200
\BOOKMARK [2][-]{subsection.7.1.2}{PVCs have profoundly negatively charged surfaces}{section.7.1}% 201
\BOOKMARK [2][-]{subsection.7.1.3}{PVCs resemble `hybrid' caudate structures}{section.7.1}% 202
\BOOKMARK [2][-]{subsection.7.1.4}{Structural evidence for PVC14 as a `tape measure protein'}{section.7.1}% 203
\BOOKMARK [2][-]{subsection.7.1.5}{Identification of possible new roles for certain loci}{section.7.1}% 204
\BOOKMARK [1][-]{section.7.2}{Chapter 4: Understanding PVC variability \046 mobility}{chapter.7}% 205
\BOOKMARK [2][-]{subsection.7.2.1}{PVCs as highly variable operons}{section.7.2}% 206
\BOOKMARK [2][-]{subsection.7.2.2}{PVCs are likely older than first thought}{section.7.2}% 207
\BOOKMARK [1][-]{section.7.3}{Chapter 5: PVCs have hyper-variable, chimeric tail fibres}{chapter.7}% 208
\BOOKMARK [2][-]{subsection.7.3.1}{PVC tail fibre proteins share hallmarks of real tail fibre proteins}{section.7.3}% 209
\BOOKMARK [2][-]{subsection.7.3.2}{Improved annotations lend confidence to a chimeric fibre structure}{section.7.3}% 210
\BOOKMARK [2][-]{subsection.7.3.3}{PVC tail fibres potentially interact with cell surface proteins/sugars}{section.7.3}% 211
\BOOKMARK [1][-]{section.7.4}{Chapter 6: PVC regulation is complex and heterogenous}{chapter.7}% 212
\BOOKMARK [2][-]{subsection.7.4.1}{PVCs are difficult to clone!}{section.7.4}% 213
\BOOKMARK [2][-]{subsection.7.4.2}{Antitermination and operon polarity suppression is implicated in PVC production}{section.7.4}% 214
\BOOKMARK [2][-]{subsection.7.4.3}{PVCs production is subject to significant population heterogeneity}{section.7.4}% 215
\BOOKMARK [0][-]{chapter.8}{Future work}{part.4}% 216
\BOOKMARK [0][-]{chapter.8}{Bibliography}{part.4}% 217
\BOOKMARK [0][-]{section*.122}{Appendices}{part.4}% 218
\BOOKMARK [0][-]{Appendix.a.A}{Publications arising from this candidature}{part.4}% 219
\BOOKMARK [0][-]{Appendix.a.B}{Chapter 4 Appendices}{part.4}% 220
\BOOKMARK [1][-]{section.a.B.1}{Clusterings of PVC genes for phylogenetic studies}{Appendix.a.B}% 221
\BOOKMARK [1][-]{section.a.B.2}{Multiple Sequence Alignments for PVC proteins}{Appendix.a.B}% 222
